<?xml version="1.0" encoding="UTF-8"?>
<testng-results skipped="0" failed="0" total="2" passed="2">
  <reporter-output>
  </reporter-output>
  <suite name="Surefire suite" duration-ms="35360" started-at="2016-01-10T16:52:35Z" finished-at="2016-01-10T16:53:10Z">
    <groups>
    </groups>
    <test name="Surefire test" duration-ms="35360" started-at="2016-01-10T16:52:35Z" finished-at="2016-01-10T16:53:10Z">
      <class name="com.lazerycode.selenium.tests.GoogleExampleIT">
        <test-method status="PASS" signature="instantiateDriverObject()[pri:0, instance:com.lazerycode.selenium.tests.GoogleExampleIT@3a03464]" name="instantiateDriverObject" is-config="true" duration-ms="11" started-at="2016-01-10T22:22:35Z" finished-at="2016-01-10T22:22:35Z">
          <reporter-output>
          </reporter-output>
        </test-method> <!-- instantiateDriverObject -->
        <test-method status="PASS" signature="googleMilkExample()[pri:0, instance:com.lazerycode.selenium.tests.GoogleExampleIT@3a03464]" name="googleMilkExample" duration-ms="33049" started-at="2016-01-10T22:22:35Z" finished-at="2016-01-10T22:23:08Z">
          <reporter-output>
          </reporter-output>
        </test-method> <!-- googleMilkExample -->
        <test-method status="PASS" signature="clearCookies()[pri:0, instance:com.lazerycode.selenium.tests.GoogleExampleIT@3a03464]" name="clearCookies" is-config="true" duration-ms="50" started-at="2016-01-10T22:23:08Z" finished-at="2016-01-10T22:23:08Z">
          <reporter-output>
          </reporter-output>
        </test-method> <!-- clearCookies -->
        <test-method status="PASS" signature="googleMilkExample2()[pri:0, instance:com.lazerycode.selenium.tests.GoogleExampleIT@3a03464]" name="googleMilkExample2" duration-ms="1655" started-at="2016-01-10T22:23:08Z" finished-at="2016-01-10T22:23:10Z">
          <reporter-output>
          </reporter-output>
        </test-method> <!-- googleMilkExample2 -->
        <test-method status="PASS" signature="clearCookies()[pri:0, instance:com.lazerycode.selenium.tests.GoogleExampleIT@3a03464]" name="clearCookies" is-config="true" duration-ms="20" started-at="2016-01-10T22:23:10Z" finished-at="2016-01-10T22:23:10Z">
          <reporter-output>
          </reporter-output>
        </test-method> <!-- clearCookies -->
        <test-method status="PASS" signature="closeDriverObjects()[pri:0, instance:com.lazerycode.selenium.tests.GoogleExampleIT@3a03464]" name="closeDriverObjects" is-config="true" duration-ms="628" started-at="2016-01-10T22:23:12Z" finished-at="2016-01-10T22:23:13Z">
          <reporter-output>
          </reporter-output>
        </test-method> <!-- closeDriverObjects -->
      </class> <!-- com.lazerycode.selenium.tests.GoogleExampleIT -->
    </test> <!-- Surefire test -->
  </suite> <!-- Surefire suite -->
</testng-results>
