<?xml version="1.0" encoding="UTF-8"?>
<testng-results skipped="0" failed="0" total="2" passed="2">
  <reporter-output>
  </reporter-output>
  <suite name="Surefire suite" duration-ms="62878" started-at="2016-01-10T14:45:05Z" finished-at="2016-01-10T14:46:08Z">
    <groups>
    </groups>
    <test name="Surefire test" duration-ms="62878" started-at="2016-01-10T14:45:05Z" finished-at="2016-01-10T14:46:08Z">
      <class name="com.lazerycode.selenium.tests.GoogleExampleIT">
        <test-method status="PASS" signature="instantiateDriverObject()[pri:0, instance:com.lazerycode.selenium.tests.GoogleExampleIT@3a03464]" name="instantiateDriverObject" is-config="true" duration-ms="12" started-at="2016-01-10T20:15:05Z" finished-at="2016-01-10T20:15:05Z">
          <reporter-output>
          </reporter-output>
        </test-method> <!-- instantiateDriverObject -->
        <test-method status="PASS" signature="googleMilkExample()[pri:0, instance:com.lazerycode.selenium.tests.GoogleExampleIT@3a03464]" name="googleMilkExample" duration-ms="60976" started-at="2016-01-10T20:15:05Z" finished-at="2016-01-10T20:16:06Z">
          <reporter-output>
          </reporter-output>
        </test-method> <!-- googleMilkExample -->
        <test-method status="PASS" signature="clearCookies()[pri:0, instance:com.lazerycode.selenium.tests.GoogleExampleIT@3a03464]" name="clearCookies" is-config="true" duration-ms="17" started-at="2016-01-10T20:16:07Z" finished-at="2016-01-10T20:16:07Z">
          <reporter-output>
          </reporter-output>
        </test-method> <!-- clearCookies -->
        <test-method status="PASS" signature="googleMilkExample2()[pri:0, instance:com.lazerycode.selenium.tests.GoogleExampleIT@3a03464]" name="googleMilkExample2" duration-ms="1264" started-at="2016-01-10T20:16:07Z" finished-at="2016-01-10T20:16:08Z">
          <reporter-output>
          </reporter-output>
        </test-method> <!-- googleMilkExample2 -->
        <test-method status="PASS" signature="clearCookies()[pri:0, instance:com.lazerycode.selenium.tests.GoogleExampleIT@3a03464]" name="clearCookies" is-config="true" duration-ms="21" started-at="2016-01-10T20:16:08Z" finished-at="2016-01-10T20:16:08Z">
          <reporter-output>
          </reporter-output>
        </test-method> <!-- clearCookies -->
        <test-method status="PASS" signature="closeDriverObjects()[pri:0, instance:com.lazerycode.selenium.tests.GoogleExampleIT@3a03464]" name="closeDriverObjects" is-config="true" duration-ms="92" started-at="2016-01-10T20:16:08Z" finished-at="2016-01-10T20:16:08Z">
          <reporter-output>
          </reporter-output>
        </test-method> <!-- closeDriverObjects -->
      </class> <!-- com.lazerycode.selenium.tests.GoogleExampleIT -->
    </test> <!-- Surefire test -->
  </suite> <!-- Surefire suite -->
</testng-results>
